#
# There is insufficient memory for the Java Runtime Environment to continue.
# Native memory allocation (malloc) failed to allocate 1048576 bytes for AllocateHeap
# Possible reasons:
#   The system is out of physical RAM or swap space
#   In 32 bit mode, the process size limit was hit
# Possible solutions:
#   Reduce memory load on the system
#   Increase physical memory or swap space
#   Check if swap backing store is full
#   Use 64 bit Java on a 64 bit OS
#   Decrease Java heap size (-Xmx/-Xms)
#   Decrease number of Java threads
#   Decrease Java thread stack sizes (-Xss)
#   Set larger code cache with -XX:ReservedCodeCacheSize=
# This output file may be truncated or incomplete.
#
#  Out of Memory Error (memory/allocation.inline.hpp:61), pid=103272, tid=0x00000000000209f8
#
# JRE version:  (8.0_101-b13) (build )
# Java VM: Java HotSpot(TM) 64-Bit Server VM (25.101-b13 mixed mode windows-amd64 compressed oops)
# Failed to write core dump. Minidumps are not enabled by default on client versions of Windows
#

---------------  T H R E A D  ---------------

Current thread (0x0000000003060800):  JavaThread "Unknown thread" [_thread_in_vm, id=133624, stack(0x0000000002ee0000,0x0000000002fe0000)]

Stack: [0x0000000002ee0000,0x0000000002fe0000]
[error occurred during error reporting (printing stack bounds), id 0xc0000005]

Native frames: (J=compiled Java code, j=interpreted, Vv=VM code, C=native code)


---------------  P R O C E S S  ---------------

Java Threads: ( => current thread )

Other Threads:

=>0x0000000003060800 (exited) JavaThread "Unknown thread" [_thread_in_vm, id=133624, stack(0x0000000002ee0000,0x0000000002fe0000)]

VM state:not at safepoint (normal execution)

VM Mutex/Monitor currently owned by a thread: None

Heap:
 PSYoungGen      total 18944K, used 327K [0x00000000eb300000, 0x00000000ec800000, 0x0000000100000000)
  eden space 16384K, 2% used [0x00000000eb300000,0x00000000eb351ec8,0x00000000ec300000)
  from space 2560K, 0% used [0x00000000ec580000,0x00000000ec580000,0x00000000ec800000)
  to   space 2560K, 0% used [0x00000000ec300000,0x00000000ec300000,0x00000000ec580000)
 ParOldGen       total 44032K, used 0K [0x00000000c1800000, 0x00000000c4300000, 0x00000000eb300000)
  object space 44032K, 0% used [0x00000000c1800000,0x00000000c1800000,0x00000000c4300000)
 Metaspace       used 746K, capacity 4480K, committed 4480K, reserved 1056768K
  class space    used 75K, capacity 384K, committed 384K, reserved 1048576K

Card table byte_map: [0x0000000012520000,0x0000000012720000] byte_map_base: 0x0000000011f14000

Marking Bits: (ParMarkBitMap*) 0x000000006633a6d0
 Begin Bits: [0x0000000012c70000, 0x0000000013c10000)
 End Bits:   [0x0000000013c10000, 0x0000000014bb0000)

Polling page: 0x0000000001710000

CodeCache: size=245760Kb used=328Kb max_used=328Kb free=245431Kb
 bounds [0x0000000003160000, 0x00000000033d0000, 0x0000000012160000]
 total_blobs=58 nmethods=0 adapters=38
 compilation: enabled

Compilation events (0 events):
No events

GC Heap History (0 events):
No events

Deoptimization events (0 events):
No events

Internal exceptions (0 events):
No events

Events (10 events):
Event: 0.052 loading class java/lang/Short
Event: 0.052 loading class java/lang/Short done
Event: 0.052 loading class java/lang/Integer
Event: 0.052 loading class java/lang/Integer done
Event: 0.052 loading class java/lang/Long
Event: 0.052 loading class java/lang/Long done
Event: 0.053 loading class java/lang/NullPointerException
Event: 0.053 loading class java/lang/NullPointerException done
Event: 0.053 loading class java/lang/ArithmeticException
Event: 0.053 loading class java/lang/ArithmeticException done


Dynamic libraries:
0x00007ff7169d0000 - 0x00007ff716a07000 	C:\Program Files\Java\jre1.8.0_101\bin\javaw.exe
0x00007ffee9ac0000 - 0x00007ffee9c91000 	C:\WINDOWS\SYSTEM32\ntdll.dll
0x00007ffee8f20000 - 0x00007ffee8fcb000 	C:\WINDOWS\System32\KERNEL32.DLL
0x00007ffee6760000 - 0x00007ffee697d000 	C:\WINDOWS\System32\KERNELBASE.dll
0x00007ffee72d0000 - 0x00007ffee7372000 	C:\WINDOWS\System32\ADVAPI32.dll
0x00007ffee8fd0000 - 0x00007ffee906e000 	C:\WINDOWS\System32\msvcrt.dll
0x00007ffee7050000 - 0x00007ffee70a9000 	C:\WINDOWS\System32\sechost.dll
0x00007ffee9990000 - 0x00007ffee9ab1000 	C:\WINDOWS\System32\RPCRT4.dll
0x00007ffee97b0000 - 0x00007ffee9915000 	C:\WINDOWS\System32\USER32.dll
0x00007ffee6e80000 - 0x00007ffee6e9e000 	C:\WINDOWS\System32\win32u.dll
0x00007ffee70b0000 - 0x00007ffee70e4000 	C:\WINDOWS\System32\GDI32.dll
0x00007ffee6cf0000 - 0x00007ffee6e72000 	C:\WINDOWS\System32\gdi32full.dll
0x00007ffedf2b0000 - 0x00007ffedf529000 	C:\WINDOWS\WinSxS\amd64_microsoft.windows.common-controls_6595b64144ccf1df_6.0.14393.447_none_42191651c6827bb3\COMCTL32.dll
0x00007ffee9290000 - 0x00007ffee9557000 	C:\WINDOWS\System32\combase.dll
0x00007ffee6f50000 - 0x00007ffee7045000 	C:\WINDOWS\System32\ucrtbase.dll
0x00007ffee6690000 - 0x00007ffee66fa000 	C:\WINDOWS\System32\bcryptPrimitives.dll
0x00007ffee9700000 - 0x00007ffee972e000 	C:\WINDOWS\System32\IMM32.DLL
0x0000000065970000 - 0x0000000065a42000 	C:\Program Files\Java\jre1.8.0_101\bin\msvcr100.dll
0x0000000065b20000 - 0x00000000663ba000 	C:\Program Files\Java\jre1.8.0_101\bin\server\jvm.dll
0x00007ffee97a0000 - 0x00007ffee97a8000 	C:\WINDOWS\System32\PSAPI.DLL
0x00007ffededa0000 - 0x00007ffededaa000 	C:\WINDOWS\SYSTEM32\VERSION.dll
0x00007ffee4340000 - 0x00007ffee4363000 	C:\WINDOWS\SYSTEM32\WINMM.dll
0x00007ffee08f0000 - 0x00007ffee08f9000 	C:\WINDOWS\SYSTEM32\WSOCK32.dll
0x00007ffee7260000 - 0x00007ffee72ca000 	C:\WINDOWS\System32\WS2_32.dll
0x00007ffee4310000 - 0x00007ffee433b000 	C:\WINDOWS\SYSTEM32\WINMMBASE.dll
0x00007ffee6ad0000 - 0x00007ffee6b12000 	C:\WINDOWS\System32\cfgmgr32.dll
0x0000000065b10000 - 0x0000000065b1f000 	C:\Program Files\Java\jre1.8.0_101\bin\verify.dll
0x0000000065ae0000 - 0x0000000065b09000 	C:\Program Files\Java\jre1.8.0_101\bin\java.dll
0x0000000065ac0000 - 0x0000000065ad6000 	C:\Program Files\Java\jre1.8.0_101\bin\zip.dll

VM Arguments:
jvm_args: -Dfile.encoding=Cp1252 
java_command: miniprov1.ReadContent
java_class_path (initial): E:\prog\eclipse1\miniprov1\bin;E:\prog\eclipse1\miniprov1\forms-1.3.0.jar;E:\prog\eclipse1\miniprov1\jcalendar-1.4.jar;E:\prog\eclipse1\mysql-connector-java-5.0.8\mysql-connector-java-5.0.8-bin.jar
Launcher Type: SUN_STANDARD

Environment Variables:
PATH=C:/Program Files/Java/jre1.8.0_101/bin/server;C:/Program Files/Java/jre1.8.0_101/bin;C:/Program Files/Java/jre1.8.0_101/lib/amd64;C:\Program Files (x86)\NVIDIA Corporation\PhysX\Common;C:\ProgramData\Oracle\Java\javapath;C:\WINDOWS\system32;C:\WINDOWS;C:\WINDOWS\System32\Wbem;C:\WINDOWS\System32\WindowsPowerShell\v1.0\;C:\Program Files (x86)\Skype\Phone\;E:\;C:\Program Files (x86)\GtkSharp\2.12\bin;C:\Program Files\OpenVPN\bin;C:\WINDOWS\system32;C:\WINDOWS;C:\WINDOWS\System32\Wbem;C:\WINDOWS\System32\WindowsPowerShell\v1.0\;C:\Users\Shibhu\AppData\Local\Code\bin;C:\Users\Shibhu\AppData\Roaming\npm;%USERPROFILE%\AppData\Local\Microsoft\WindowsApps;;E:\prog\eclipse;
USERNAME=Shibhu
OS=Windows_NT
PROCESSOR_IDENTIFIER=Intel64 Family 6 Model 69 Stepping 1, GenuineIntel



---------------  S Y S T E M  ---------------

OS: Windows 10.0 , 64 bit Build 14393 (10.0.14393.0)

CPU:total 4 (2 cores per cpu, 2 threads per core) family 6 model 69 stepping 1, cmov, cx8, fxsr, mmx, sse, sse2, sse3, ssse3, sse4.1, sse4.2, popcnt, avx, avx2, aes, clmul, erms, lzcnt, ht, tsc, tscinvbit, bmi1, bmi2

Memory: 4k page, physical 4095980k(469444k free), swap 16678892k(4600k free)

vm_info: Java HotSpot(TM) 64-Bit Server VM (25.101-b13) for windows-amd64 JRE (1.8.0_101-b13), built on Jun 22 2016 01:21:29 by "java_re" with MS VC++ 10.0 (VS2010)

time: Fri Nov 18 16:06:05 2016
elapsed time: 0 seconds (0d 0h 0m 0s)

